Arguments: 
  C:\Program Files\nodejs\node.exe D:\G\Yarn\bin\yarn.js add app3.js

PATH: 
  D:\Software\cmder\vendor\git-for-windows\mingw64\bin;D:\Software\cmder\vendor\git-for-windows\usr\bin;C:\Users\G\bin;D:\list-xin\gcc\mingw64\mingw64\bin;D:\bin\bin;C:\Windows\system32;C:\Windows;C:\Windows\System32\Wbem;C:\Windows\System32\WindowsPowerShell\v1.0;C:\Windows\System32\OpenSSH;信web开发者工具\dll;D:\培训;件;D:\case3node\Git\cmd;D:\putty;D:\开发\微信web开发者工具\dll;C:\Program Files\nodejs;C:\Program Files (x86)\dotnet;C:\Program Files\dotnet;C:\Program Files (x86)\NVIDIA Corporation\PhysX\Common;D:\G\Yarn\bin;C:\Users\G\AppData\Local\Microsoft\WindowsApps;C:\Program Files\Bandizip;D:\培训软件\Microsoft VS Code\bin;C:\Users\G\AppData\Roaming\npm;C:\Users\G\AppData\Local\Yarn\bin

Yarn version: 
  1.22.5

Node version: 
  14.16.1

Platform: 
  win32 x64

Trace: 
  Error: https://registry.npm.taobao.org/app3.js: [NOT_FOUND] app3.js not found
      at Request.params.callback [as _callback] (D:\G\Yarn\lib\cli.js:66097:18)
      at Request.self.callback (D:\G\Yarn\lib\cli.js:140749:22)
      at Request.emit (events.js:315:20)
      at Request.<anonymous> (D:\G\Yarn\lib\cli.js:141721:10)
      at Request.emit (events.js:315:20)
      at Gunzip.<anonymous> (D:\G\Yarn\lib\cli.js:141643:12)
      at Object.onceWrapper (events.js:421:28)
      at Gunzip.emit (events.js:315:20)
      at endReadableNT (internal/streams/readable.js:1327:12)
      at processTicksAndRejections (internal/process/task_queues.js:80:21)

npm manifest: 
  {
    "name": "mvc",
    "version": "1.0.0",
    "main": "index.js",
    "license": "MIT",
    "dependencies": {
      "jquery": "^3.6.0"
    }
  }

yarn manifest: 
  No manifest

Lockfile: 
  # THIS IS AN AUTOGENERATED FILE. DO NOT EDIT THIS FILE DIRECTLY.
  # yarn lockfile v1
  
  
  jquery@^3.6.0:
    version "3.6.0"
    resolved "https://registry.npmmirror.com/jquery/-/jquery-3.6.0.tgz#c72a09f15c1bdce142f49dbf1170bdf8adac2470"
    integrity sha512-JVzAR/AjBvVt2BmYhxRCSYysDsPcssdmTFnzyLEts9qNwmjmu4JTAMYubEfwVOSwpQ1I1sKKFcxhZCI2buerfw==
